[2020-08-08 20:11:26,314] [10393] [main] [INFO] Bot has logged in!
[2020-08-08 20:11:28,315] [10393] [main] [INFO] Bot is ready!
[2020-08-08 20:11:28,316] [10393] [main] [INFO] 1個のサーバで稼働中
[2020-08-08 20:13:43,284] [10725] [main] [INFO] Bot has logged in!
[2020-08-08 20:13:45,289] [10725] [main] [INFO] Bot is ready!
[2020-08-08 20:13:45,290] [10725] [main] [INFO] 1個のサーバで稼働中
[2020-08-08 20:15:20,355] [11033] [main] [INFO] Bot has logged in!
[2020-08-08 20:15:22,356] [11033] [main] [INFO] Bot is ready!
[2020-08-08 20:15:22,357] [11033] [main] [INFO] 1個のサーバで稼働中
[2020-08-08 20:16:57,343] [11280] [main] [INFO] Bot has logged in!
[2020-08-08 20:16:59,350] [11280] [main] [INFO] Bot is ready!
[2020-08-08 20:16:59,350] [11280] [main] [INFO] 1個のサーバで稼働中
[2020-08-08 20:17:41,247] [11457] [main] [INFO] Bot has logged in!
[2020-08-08 20:17:43,251] [11457] [main] [INFO] Bot is ready!
[2020-08-08 20:17:43,252] [11457] [main] [INFO] 1個のサーバで稼働中
[2020-08-08 20:18:50,545] [11631] [main] [INFO] Bot has logged in!
[2020-08-08 20:18:52,550] [11631] [main] [INFO] Bot is ready!
[2020-08-08 20:18:52,551] [11631] [main] [INFO] 1個のサーバで稼働中
[2020-08-08 20:19:13,875] [11712] [main] [INFO] Bot has logged in!
[2020-08-08 20:19:15,883] [11712] [main] [INFO] Bot is ready!
[2020-08-08 20:19:15,885] [11712] [main] [INFO] 1個のサーバで稼働中
[2020-08-08 20:20:50,358] [11943] [main] [INFO] Bot has logged in!
[2020-08-08 20:20:52,361] [11943] [main] [INFO] Bot is ready!
[2020-08-08 20:20:52,362] [11943] [main] [INFO] 1個のサーバで稼働中
[2020-08-08 20:21:25,184] [12045] [main] [INFO] Bot has logged in!
[2020-08-08 20:21:27,186] [12045] [main] [INFO] Bot is ready!
[2020-08-08 20:21:27,187] [12045] [main] [INFO] 1個のサーバで稼働中
[2020-08-08 20:22:06,325] [12159] [main] [INFO] Bot has logged in!
[2020-08-08 20:22:06,327] [12159] [main] [INFO] DB saved
[2020-08-08 20:22:08,330] [12159] [main] [INFO] Bot is ready!
[2020-08-08 20:22:08,331] [12159] [main] [INFO] 1個のサーバで稼働中
[2020-08-08 20:22:16,332] [12159] [main] [INFO] DB saved
[2020-08-08 20:22:16,332] [12159] [main] [INFO] DB saved
[2020-08-08 20:22:26,331] [12159] [main] [INFO] DB saved
[2020-08-08 20:22:26,331] [12159] [main] [INFO] DB saved
[2020-08-08 20:22:36,330] [12159] [main] [INFO] DB saved
[2020-08-08 20:22:36,330] [12159] [main] [INFO] DB saved
[2020-08-08 20:22:46,332] [12159] [main] [INFO] DB saved
[2020-08-08 20:22:46,332] [12159] [main] [INFO] DB saved
[2020-08-08 20:22:56,336] [12159] [main] [INFO] DB saved
[2020-08-08 20:22:56,336] [12159] [main] [INFO] DB saved
[2020-08-08 20:23:06,328] [12159] [main] [INFO] DB saved
[2020-08-08 20:23:06,328] [12159] [main] [INFO] DB saved
[2020-08-08 20:23:16,330] [12159] [main] [INFO] DB saved
[2020-08-08 20:23:16,330] [12159] [main] [INFO] DB saved
[2020-08-08 20:23:26,329] [12159] [main] [INFO] DB saved
[2020-08-08 20:23:26,329] [12159] [main] [INFO] DB saved
[2020-08-08 20:23:36,328] [12159] [main] [INFO] DB saved
[2020-08-08 20:23:36,328] [12159] [main] [INFO] DB saved
[2020-08-08 20:23:46,332] [12159] [main] [INFO] DB saved
[2020-08-08 20:23:46,332] [12159] [main] [INFO] DB saved
[2020-08-08 20:23:56,328] [12159] [main] [INFO] DB saved
[2020-08-08 20:23:56,328] [12159] [main] [INFO] DB saved
[2020-08-08 20:24:06,331] [12159] [main] [INFO] DB saved
[2020-08-08 20:24:06,331] [12159] [main] [INFO] DB saved
[2020-08-08 20:24:16,329] [12159] [main] [INFO] DB saved
[2020-08-08 20:24:16,329] [12159] [main] [INFO] DB saved
[2020-08-08 20:24:24,011] [12590] [main] [INFO] Bot has logged in!
[2020-08-08 20:24:24,014] [12590] [main] [INFO] DB saved
[2020-08-08 20:24:26,016] [12590] [main] [INFO] Bot is ready!
[2020-08-08 20:24:26,017] [12590] [main] [INFO] 1個のサーバで稼働中
[2020-08-08 20:24:34,016] [12590] [main] [INFO] DB saved
[2020-08-08 20:24:44,017] [12590] [main] [INFO] DB saved
[2020-08-08 20:24:49,167] [12663] [main] [INFO] Bot has logged in!
[2020-08-08 20:24:49,169] [12663] [main] [INFO] DB saved
[2020-08-08 20:24:51,172] [12663] [main] [INFO] Bot is ready!
[2020-08-08 20:24:51,173] [12663] [main] [INFO] 1個のサーバで稼働中
[2020-08-08 20:24:59,172] [12663] [main] [INFO] DB saved
[2020-08-08 20:25:31,984] [12818] [main] [INFO] Bot has logged in!
[2020-08-08 20:25:31,985] [12818] [main] [INFO] DB saved
[2020-08-08 20:25:33,990] [12818] [main] [INFO] Bot is ready!
[2020-08-08 20:25:33,990] [12818] [main] [INFO] 1個のサーバで稼働中
[2020-08-08 20:25:41,990] [12818] [main] [INFO] DB saved
[2020-08-08 20:25:51,988] [12818] [main] [INFO] DB saved
[2020-08-08 20:26:01,989] [12818] [main] [INFO] DB saved
[2020-08-08 20:26:11,990] [12818] [main] [INFO] DB saved
[2020-08-08 20:26:21,990] [12818] [main] [INFO] DB saved
[2020-08-08 20:26:31,989] [12818] [main] [INFO] DB saved
[2020-08-08 20:26:41,989] [12818] [main] [INFO] DB saved
[2020-08-08 20:26:47,199] [13005] [main] [INFO] Bot has logged in!
[2020-08-08 20:26:47,200] [13005] [main] [INFO] DB saved
[2020-08-08 20:26:49,204] [13005] [main] [INFO] Bot is ready!
[2020-08-08 20:26:49,205] [13005] [main] [INFO] 1個のサーバで稼働中
[2020-08-08 20:26:57,204] [13005] [main] [INFO] DB saved
[2020-08-08 20:26:57,204] [13005] [main] [INFO] DB saved
[2020-08-08 20:27:07,203] [13005] [main] [INFO] DB saved
[2020-08-08 20:27:07,203] [13005] [main] [INFO] DB saved
[2020-08-08 20:27:17,201] [13005] [main] [INFO] DB saved
[2020-08-08 20:27:17,201] [13005] [main] [INFO] DB saved
[2020-08-08 20:27:27,201] [13005] [main] [INFO] DB saved
[2020-08-08 20:27:27,201] [13005] [main] [INFO] DB saved
[2020-08-08 20:27:35,031] [13123] [main] [INFO] Bot has logged in!
[2020-08-08 20:27:35,031] [13123] [main] [INFO] Bot has logged in!
[2020-08-08 20:27:35,032] [13123] [main] [INFO] DB saved
[2020-08-08 20:27:35,032] [13123] [main] [INFO] DB saved
[2020-08-08 20:27:37,036] [13123] [main] [INFO] Bot is ready!
[2020-08-08 20:27:37,036] [13123] [main] [INFO] Bot is ready!
[2020-08-08 20:27:37,037] [13123] [main] [INFO] 1個のサーバで稼働中
[2020-08-08 20:27:37,037] [13123] [main] [INFO] 1個のサーバで稼働中
[2020-08-08 20:27:45,037] [13123] [main] [INFO] DB saved
[2020-08-08 20:27:45,037] [13123] [main] [INFO] DB saved
[2020-08-08 20:27:55,034] [13123] [main] [INFO] DB saved
[2020-08-08 20:27:55,034] [13123] [main] [INFO] DB saved
[2020-08-08 20:28:05,035] [13123] [main] [INFO] DB saved
[2020-08-08 20:28:05,035] [13123] [main] [INFO] DB saved
[2020-08-08 20:28:15,034] [13123] [main] [INFO] DB saved
[2020-08-08 20:28:15,034] [13123] [main] [INFO] DB saved
[2020-08-08 20:28:25,033] [13123] [main] [INFO] DB saved
[2020-08-08 20:28:25,033] [13123] [main] [INFO] DB saved
[2020-08-08 20:28:35,038] [13123] [main] [INFO] DB saved
[2020-08-08 20:28:35,038] [13123] [main] [INFO] DB saved
[2020-08-08 20:28:45,035] [13123] [main] [INFO] DB saved
[2020-08-08 20:28:45,035] [13123] [main] [INFO] DB saved
[2020-08-08 20:28:55,034] [13123] [main] [INFO] DB saved
[2020-08-08 20:28:55,034] [13123] [main] [INFO] DB saved
[2020-08-08 20:29:05,034] [13123] [main] [INFO] DB saved
[2020-08-08 20:29:05,034] [13123] [main] [INFO] DB saved
[2020-08-08 20:31:16,048] [13689] [main] [INFO] Connected to discord server.
[2020-08-08 20:31:18,052] [13689] [main] [INFO] Bot is ready.
[2020-08-08 20:34:14,970] [14129] [main] [INFO] Connected to discord server.
[2020-08-08 20:34:16,973] [14129] [main] [INFO] Bot is ready.
[2020-08-08 20:34:19,978] [14129] [main] [INFO] GUILD_712633963260280873(cronちゃん's botテストサーバー)
[2020-08-08 20:34:19,979] [14129] [main] [INFO]   NEW MESSAGE: 741620306514542674
[2020-08-08 20:34:19,979] [14129] [main] [INFO]     author: USER_431707293692985344(cronちゃん)
[2020-08-08 20:34:19,979] [14129] [main] [INFO]     content: test
[2020-08-09 10:33:04,995] [14129] [main] [INFO] Connected to discord server.
[2020-08-09 10:33:07,004] [14129] [main] [INFO] Bot is ready.
[2020-08-09 18:18:49,620] [14129] [main] [INFO] Connected to discord server.
[2020-08-09 18:18:51,623] [14129] [main] [INFO] Bot is ready.
[2020-08-09 18:50:43,765] [14129] [main] [INFO] Connected to discord server.
[2020-08-09 18:50:49,116] [14129] [main] [INFO] Bot is ready.
[2020-08-09 18:52:54,923] [14129] [main] [INFO] Connected to discord server.
[2020-08-09 18:52:56,929] [14129] [main] [INFO] Bot is ready.
[2020-08-09 18:55:45,731] [14129] [main] [INFO] Connected to discord server.
[2020-08-09 18:55:47,740] [14129] [main] [INFO] Bot is ready.
[2020-08-09 19:02:30,435] [14129] [main] [INFO] Connected to discord server.
[2020-08-09 19:02:32,438] [14129] [main] [INFO] Bot is ready.
[2020-08-10 12:13:39,037] [14129] [main] [INFO] Connected to discord server.
[2020-08-10 12:13:41,047] [14129] [main] [INFO] Bot is ready.
[2020-08-10 18:25:23,883] [14129] [main] [INFO] Connected to discord server.
[2020-08-10 18:25:25,885] [14129] [main] [INFO] Bot is ready.
[2020-08-10 19:22:10,643] [14129] [main] [INFO] Connected to discord server.
[2020-08-10 19:22:12,648] [14129] [main] [INFO] Bot is ready.
[2020-08-11 06:29:49,613] [14129] [main] [INFO] Connected to discord server.
[2020-08-11 06:29:51,625] [14129] [main] [INFO] Bot is ready.
[2020-08-11 15:53:34,307] [14129] [main] [INFO] Connected to discord server.
[2020-08-11 15:53:36,316] [14129] [main] [INFO] Bot is ready.
[2020-08-11 16:10:00,392] [14129] [main] [INFO] Connected to discord server.
[2020-08-11 16:10:02,391] [14129] [main] [INFO] Bot is ready.
[2020-08-11 16:26:21,436] [14129] [main] [INFO] Connected to discord server.
[2020-08-11 16:26:23,460] [14129] [main] [INFO] Bot is ready.
[2020-08-11 17:12:50,871] [14129] [main] [INFO] Connected to discord server.
[2020-08-11 17:12:52,877] [14129] [main] [INFO] Bot is ready.
[2020-08-11 20:27:09,091] [14129] [main] [INFO] Connected to discord server.
[2020-08-11 20:27:11,109] [14129] [main] [INFO] Bot is ready.
[2020-08-11 22:08:22,101] [14129] [main] [INFO] Connected to discord server.
[2020-08-11 22:08:24,112] [14129] [main] [INFO] Bot is ready.
[2020-08-12 16:12:40,312] [14129] [main] [INFO] Connected to discord server.
[2020-08-12 16:12:42,330] [14129] [main] [INFO] Bot is ready.
