WARNING 2020-06-07 12:53:35,636 __init__ 231 PyNaCl is not installed, voice will NOT be supported
INFO 2020-06-07 12:53:35,636 login 441 logging in using static token
INFO 2020-06-07 12:53:38,213 from_client 241 Created websocket connected to wss://gateway.discord.gg?encoding=json&v=6&compress=zlib-stream
INFO 2020-06-07 12:53:38,214 identify 321 Shard ID None has sent the IDENTIFY payload.
INFO 2020-06-07 12:53:38,534 received_message 413 Shard ID None has connected to Gateway: ["gateway-prd-main-b32p",{"micros":149623,"calls":["discord-sessions-prd-1-64",{"micros":140735,"calls":["start_session",{"micros":138564,"calls":["api-prd-main-us-east1-5rtd",{"micros":134768,"calls":["get_user",{"micros":6261},"add_authorized_ip",{"micros":17447},"get_guilds",{"micros":4764},"coros_wait",{"micros":1}]}]},"guilds_connect",{"micros":1,"calls":[]},"presence_connect",{"micros":1703,"calls":[]}]}]}] (Session ID: 654a44606e351e843471a7df715c19db).
INFO 2020-06-07 12:53:38,547 on_connect 135 Bot has logged in!
INFO 2020-06-07 12:53:38,572 on_connect 152 0個のサーバで稼働中
INFO 2020-06-07 12:53:38,574 db_save 107 DB saved
INFO 2020-06-07 12:53:40,576 on_ready 128 Bot is ready!
INFO 2020-06-07 12:53:48,577 db_save 107 DB saved
INFO 2020-06-07 12:53:58,577 db_save 107 DB saved
INFO 2020-06-07 12:54:08,575 db_save 107 DB saved
INFO 2020-06-07 12:54:14,102 on_guild_join 171 Guild joined
INFO 2020-06-07 12:54:18,580 db_save 107 DB saved
INFO 2020-06-07 12:54:28,576 db_save 107 DB saved
INFO 2020-06-07 12:54:38,574 db_save 107 DB saved
INFO 2020-06-07 12:54:48,579 db_save 107 DB saved
INFO 2020-06-07 12:54:58,581 db_save 107 DB saved
INFO 2020-06-07 12:55:08,581 db_save 107 DB saved
INFO 2020-06-07 12:55:18,579 db_save 107 DB saved
INFO 2020-06-07 12:55:28,575 db_save 107 DB saved
INFO 2020-06-07 12:55:38,584 db_save 107 DB saved
INFO 2020-06-07 12:55:48,580 db_save 107 DB saved
INFO 2020-06-07 12:55:58,578 db_save 107 DB saved
INFO 2020-06-07 12:56:08,576 db_save 107 DB saved
INFO 2020-06-07 12:56:18,575 db_save 107 DB saved
INFO 2020-06-07 12:56:28,577 db_save 107 DB saved
INFO 2020-06-07 12:56:38,577 db_save 107 DB saved
INFO 2020-06-07 12:56:48,577 db_save 107 DB saved
INFO 2020-06-07 12:56:58,575 db_save 107 DB saved
INFO 2020-06-07 12:57:08,575 db_save 107 DB saved
INFO 2020-06-07 12:57:18,575 db_save 107 DB saved
INFO 2020-06-07 12:57:28,574 db_save 107 DB saved
INFO 2020-06-07 12:57:38,577 db_save 107 DB saved
INFO 2020-06-07 12:57:48,578 db_save 107 DB saved
INFO 2020-06-07 12:57:58,577 db_save 107 DB saved
INFO 2020-06-07 12:58:08,577 db_save 107 DB saved
INFO 2020-06-07 12:58:18,578 db_save 107 DB saved
INFO 2020-06-07 12:58:28,576 db_save 107 DB saved
INFO 2020-06-07 12:58:38,579 db_save 107 DB saved
INFO 2020-06-07 12:58:48,578 db_save 107 DB saved
INFO 2020-06-07 12:58:58,574 db_save 107 DB saved
INFO 2020-06-07 12:59:08,579 db_save 107 DB saved
INFO 2020-06-07 12:59:18,579 db_save 107 DB saved
INFO 2020-06-07 12:59:28,576 db_save 107 DB saved
INFO 2020-06-07 12:59:38,589 db_save 107 DB saved
INFO 2020-06-07 12:59:48,578 db_save 107 DB saved
INFO 2020-06-07 12:59:58,579 db_save 107 DB saved
INFO 2020-06-07 13:00:08,578 db_save 107 DB saved
INFO 2020-06-07 13:00:18,577 db_save 107 DB saved
INFO 2020-06-07 13:00:28,578 db_save 107 DB saved
INFO 2020-06-07 13:00:38,579 db_save 107 DB saved
INFO 2020-06-07 13:00:48,579 db_save 107 DB saved
INFO 2020-06-07 13:00:58,580 db_save 107 DB saved
INFO 2020-06-07 13:01:08,579 db_save 107 DB saved
INFO 2020-06-07 13:01:18,581 db_save 107 DB saved
INFO 2020-06-07 13:01:28,580 db_save 107 DB saved
INFO 2020-06-07 13:01:38,579 db_save 107 DB saved
INFO 2020-06-07 13:01:48,578 db_save 107 DB saved
INFO 2020-06-07 13:01:58,578 db_save 107 DB saved
INFO 2020-06-07 13:02:08,575 db_save 107 DB saved
INFO 2020-06-07 13:02:18,578 db_save 107 DB saved
INFO 2020-06-07 13:02:28,579 db_save 107 DB saved
INFO 2020-06-07 13:02:38,578 db_save 107 DB saved
INFO 2020-06-07 13:02:48,574 db_save 107 DB saved
INFO 2020-06-07 13:02:58,576 db_save 107 DB saved
INFO 2020-06-07 13:03:08,578 db_save 107 DB saved
INFO 2020-06-07 13:03:18,578 db_save 107 DB saved
INFO 2020-06-07 13:03:28,579 db_save 107 DB saved
INFO 2020-06-07 13:03:38,578 db_save 107 DB saved
INFO 2020-06-07 13:03:48,576 db_save 107 DB saved
INFO 2020-06-07 13:03:58,576 db_save 107 DB saved
INFO 2020-06-07 13:04:08,577 db_save 107 DB saved
INFO 2020-06-07 13:04:18,579 db_save 107 DB saved
INFO 2020-06-07 13:04:28,575 db_save 107 DB saved
INFO 2020-06-07 13:04:38,575 db_save 107 DB saved
INFO 2020-06-07 13:04:48,578 db_save 107 DB saved
INFO 2020-06-07 13:04:58,580 db_save 107 DB saved
INFO 2020-06-07 13:05:08,579 db_save 107 DB saved
INFO 2020-06-07 13:05:18,576 db_save 107 DB saved
INFO 2020-06-07 13:05:28,577 db_save 107 DB saved
INFO 2020-06-07 13:05:38,579 db_save 107 DB saved
INFO 2020-06-07 13:05:48,579 db_save 107 DB saved
INFO 2020-06-07 13:05:58,576 db_save 107 DB saved
INFO 2020-06-07 13:06:08,575 db_save 107 DB saved
INFO 2020-06-07 13:06:18,578 db_save 107 DB saved
INFO 2020-06-07 13:06:28,578 db_save 107 DB saved
INFO 2020-06-07 13:06:38,578 db_save 107 DB saved
INFO 2020-06-07 13:06:48,576 db_save 107 DB saved
INFO 2020-06-07 13:06:58,578 db_save 107 DB saved
INFO 2020-06-07 13:07:08,579 db_save 107 DB saved
INFO 2020-06-07 13:07:18,576 db_save 107 DB saved
INFO 2020-06-07 13:07:28,579 db_save 107 DB saved
INFO 2020-06-07 13:07:38,579 db_save 107 DB saved
INFO 2020-06-07 13:07:48,578 db_save 107 DB saved
INFO 2020-06-07 13:07:58,579 db_save 107 DB saved
INFO 2020-06-07 13:08:08,578 db_save 107 DB saved
INFO 2020-06-07 13:08:18,578 db_save 107 DB saved
INFO 2020-06-07 13:08:28,579 db_save 107 DB saved
INFO 2020-06-07 13:08:38,575 db_save 107 DB saved
INFO 2020-06-07 13:08:48,577 db_save 107 DB saved
INFO 2020-06-07 13:08:58,578 db_save 107 DB saved
INFO 2020-06-07 13:09:08,574 db_save 107 DB saved
INFO 2020-06-07 13:09:18,574 db_save 107 DB saved
INFO 2020-06-07 13:09:28,577 db_save 107 DB saved
INFO 2020-06-07 13:09:38,578 db_save 107 DB saved
INFO 2020-06-07 13:09:48,575 db_save 107 DB saved
INFO 2020-06-07 13:09:58,578 db_save 107 DB saved
INFO 2020-06-07 13:10:08,575 db_save 107 DB saved
INFO 2020-06-07 13:10:18,574 db_save 107 DB saved
INFO 2020-06-07 13:10:28,577 db_save 107 DB saved
INFO 2020-06-07 13:10:38,578 db_save 107 DB saved
INFO 2020-06-07 13:10:48,576 db_save 107 DB saved
INFO 2020-06-07 13:10:58,579 db_save 107 DB saved
INFO 2020-06-07 13:11:08,574 db_save 107 DB saved
INFO 2020-06-07 13:11:18,578 db_save 107 DB saved
INFO 2020-06-07 13:11:28,578 db_save 107 DB saved
INFO 2020-06-07 13:11:38,574 db_save 107 DB saved
INFO 2020-06-07 13:11:48,575 db_save 107 DB saved
INFO 2020-06-07 13:11:58,575 db_save 107 DB saved
INFO 2020-06-07 13:12:08,576 db_save 107 DB saved
INFO 2020-06-07 13:12:18,574 db_save 107 DB saved
INFO 2020-06-07 13:12:28,574 db_save 107 DB saved
INFO 2020-06-07 13:12:38,574 db_save 107 DB saved
INFO 2020-06-07 13:12:48,580 db_save 107 DB saved
INFO 2020-06-07 13:12:58,577 db_save 107 DB saved
INFO 2020-06-07 13:13:08,580 db_save 107 DB saved
INFO 2020-06-07 13:13:18,575 db_save 107 DB saved
INFO 2020-06-07 13:13:28,574 db_save 107 DB saved
INFO 2020-06-07 13:13:38,575 db_save 107 DB saved
INFO 2020-06-07 13:13:48,575 db_save 107 DB saved
INFO 2020-06-07 13:13:58,577 db_save 107 DB saved
INFO 2020-06-07 13:14:08,576 db_save 107 DB saved
INFO 2020-06-07 13:14:18,577 db_save 107 DB saved
INFO 2020-06-07 13:14:28,576 db_save 107 DB saved
INFO 2020-06-07 13:14:38,576 db_save 107 DB saved
INFO 2020-06-07 13:14:48,575 db_save 107 DB saved
INFO 2020-06-07 13:14:58,580 db_save 107 DB saved
INFO 2020-06-07 13:15:08,577 db_save 107 DB saved
INFO 2020-06-07 13:15:18,578 db_save 107 DB saved
INFO 2020-06-07 13:15:28,577 db_save 107 DB saved
INFO 2020-06-07 13:15:38,577 db_save 107 DB saved
INFO 2020-06-07 13:15:48,579 db_save 107 DB saved
INFO 2020-06-07 13:15:58,576 db_save 107 DB saved
INFO 2020-06-07 13:16:08,575 db_save 107 DB saved
INFO 2020-06-07 13:16:18,576 db_save 107 DB saved
INFO 2020-06-07 13:16:28,577 db_save 107 DB saved
INFO 2020-06-07 13:16:38,580 db_save 107 DB saved
INFO 2020-06-07 13:16:48,578 db_save 107 DB saved
INFO 2020-06-07 13:16:58,576 db_save 107 DB saved
INFO 2020-06-07 13:17:08,575 db_save 107 DB saved
INFO 2020-06-07 13:17:11,013 received_message 369 Received RECONNECT opcode.
INFO 2020-06-07 13:17:11,202 _connect 465 Got a request to RESUME the websocket.
INFO 2020-06-07 13:17:11,203 on_disconnect 158 Bot has been logged out!
INFO 2020-06-07 13:17:12,280 from_client 241 Created websocket connected to wss://gateway.discord.gg?encoding=json&v=6&compress=zlib-stream
INFO 2020-06-07 13:17:12,282 resume 335 Shard ID None has sent the RESUME payload.
INFO 2020-06-07 13:17:12,458 received_message 418 Shard ID None has successfully RESUMED session 654a44606e351e843471a7df715c19db under trace ["gateway-prd-main-vb6j",{"micros":8140,"calls":["discord-sessions-prd-1-64",{"micros":21}]}].
INFO 2020-06-07 13:17:18,578 db_save 107 DB saved
INFO 2020-06-07 13:17:28,575 db_save 107 DB saved
INFO 2020-06-07 13:17:38,578 db_save 107 DB saved
INFO 2020-06-07 13:17:48,575 db_save 107 DB saved
INFO 2020-06-07 13:17:58,578 db_save 107 DB saved
INFO 2020-06-07 13:18:08,574 db_save 107 DB saved
INFO 2020-06-07 13:18:18,580 db_save 107 DB saved
INFO 2020-06-07 13:18:28,577 db_save 107 DB saved
INFO 2020-06-07 13:18:38,577 db_save 107 DB saved
INFO 2020-06-07 13:18:48,577 db_save 107 DB saved
INFO 2020-06-07 13:18:58,579 db_save 107 DB saved
INFO 2020-06-07 13:19:08,579 db_save 107 DB saved
INFO 2020-06-07 13:19:18,576 db_save 107 DB saved
INFO 2020-06-07 13:19:28,575 db_save 107 DB saved
INFO 2020-06-07 13:19:38,580 db_save 107 DB saved
INFO 2020-06-07 13:19:48,579 db_save 107 DB saved
INFO 2020-06-07 13:19:58,577 db_save 107 DB saved
INFO 2020-06-07 13:20:08,577 db_save 107 DB saved
INFO 2020-06-07 13:20:18,578 db_save 107 DB saved
INFO 2020-06-07 13:20:28,578 db_save 107 DB saved
INFO 2020-06-07 13:20:38,577 db_save 107 DB saved
INFO 2020-06-07 13:20:48,579 db_save 107 DB saved
INFO 2020-06-07 13:20:58,575 db_save 107 DB saved
INFO 2020-06-07 13:21:08,578 db_save 107 DB saved
INFO 2020-06-07 13:21:18,574 db_save 107 DB saved
INFO 2020-06-07 13:21:28,578 db_save 107 DB saved
INFO 2020-06-07 13:21:38,576 db_save 107 DB saved
INFO 2020-06-07 13:21:48,575 db_save 107 DB saved
INFO 2020-06-07 13:21:58,577 db_save 107 DB saved
INFO 2020-06-07 13:22:08,577 db_save 107 DB saved
INFO 2020-06-07 13:22:18,578 db_save 107 DB saved
INFO 2020-06-07 13:22:28,578 db_save 107 DB saved
INFO 2020-06-07 13:22:38,575 db_save 107 DB saved
INFO 2020-06-07 13:22:48,576 db_save 107 DB saved
INFO 2020-06-07 13:22:58,576 db_save 107 DB saved
INFO 2020-06-07 13:23:08,576 db_save 107 DB saved
INFO 2020-06-07 13:23:18,574 db_save 107 DB saved
INFO 2020-06-07 13:23:28,576 db_save 107 DB saved
INFO 2020-06-07 13:23:38,575 db_save 107 DB saved
INFO 2020-06-07 13:23:48,577 db_save 107 DB saved
INFO 2020-06-07 13:23:58,576 db_save 107 DB saved
INFO 2020-06-07 13:24:08,577 db_save 107 DB saved
INFO 2020-06-07 13:24:18,575 db_save 107 DB saved
INFO 2020-06-07 13:24:28,576 db_save 107 DB saved
INFO 2020-06-07 13:24:38,577 db_save 107 DB saved
INFO 2020-06-07 13:24:48,576 db_save 107 DB saved
INFO 2020-06-07 13:24:58,578 db_save 107 DB saved
INFO 2020-06-07 13:25:08,580 db_save 107 DB saved
INFO 2020-06-07 13:25:18,578 db_save 107 DB saved
INFO 2020-06-07 13:25:28,577 db_save 107 DB saved
INFO 2020-06-07 13:25:38,579 db_save 107 DB saved
INFO 2020-06-07 13:25:48,576 db_save 107 DB saved
INFO 2020-06-07 13:25:58,578 db_save 107 DB saved
INFO 2020-06-07 13:26:08,575 db_save 107 DB saved
INFO 2020-06-07 13:26:18,578 db_save 107 DB saved
INFO 2020-06-07 13:26:28,578 db_save 107 DB saved
INFO 2020-06-07 13:26:38,576 db_save 107 DB saved
INFO 2020-06-07 13:26:48,579 db_save 107 DB saved
INFO 2020-06-07 13:26:58,579 db_save 107 DB saved
INFO 2020-06-07 13:27:08,577 db_save 107 DB saved
INFO 2020-06-07 13:27:18,579 db_save 107 DB saved
INFO 2020-06-07 13:27:28,575 db_save 107 DB saved
INFO 2020-06-07 13:27:38,577 db_save 107 DB saved
INFO 2020-06-07 13:27:48,576 db_save 107 DB saved
INFO 2020-06-07 13:27:58,577 db_save 107 DB saved
INFO 2020-06-07 13:28:08,577 db_save 107 DB saved
INFO 2020-06-07 13:28:18,578 db_save 107 DB saved
INFO 2020-06-07 13:28:28,576 db_save 107 DB saved
INFO 2020-06-07 13:28:38,577 db_save 107 DB saved
INFO 2020-06-07 13:28:48,575 db_save 107 DB saved
INFO 2020-06-07 13:28:58,578 db_save 107 DB saved
INFO 2020-06-07 13:29:08,579 db_save 107 DB saved
INFO 2020-06-07 13:29:18,576 db_save 107 DB saved
INFO 2020-06-07 13:29:28,575 db_save 107 DB saved
INFO 2020-06-07 13:29:38,576 db_save 107 DB saved
INFO 2020-06-07 13:29:48,575 db_save 107 DB saved
INFO 2020-06-07 13:29:58,575 db_save 107 DB saved
INFO 2020-06-07 13:30:08,576 db_save 107 DB saved
INFO 2020-06-07 13:30:18,576 db_save 107 DB saved
INFO 2020-06-07 13:30:28,575 db_save 107 DB saved
INFO 2020-06-07 13:30:38,578 db_save 107 DB saved
INFO 2020-06-07 13:30:48,577 db_save 107 DB saved
INFO 2020-06-07 13:30:58,576 db_save 107 DB saved
INFO 2020-06-07 13:31:08,577 db_save 107 DB saved
INFO 2020-06-07 13:31:18,579 db_save 107 DB saved
INFO 2020-06-07 13:31:28,579 db_save 107 DB saved
INFO 2020-06-07 13:31:38,577 db_save 107 DB saved
INFO 2020-06-07 13:31:48,577 db_save 107 DB saved
INFO 2020-06-07 13:31:58,578 db_save 107 DB saved
INFO 2020-06-07 13:32:08,580 db_save 107 DB saved
INFO 2020-06-07 13:32:18,578 db_save 107 DB saved
INFO 2020-06-07 13:32:28,584 db_save 107 DB saved
INFO 2020-06-07 13:32:38,578 db_save 107 DB saved
INFO 2020-06-07 13:32:48,578 db_save 107 DB saved
INFO 2020-06-07 13:32:58,578 db_save 107 DB saved
INFO 2020-06-07 13:33:08,577 db_save 107 DB saved
INFO 2020-06-07 13:33:18,577 db_save 107 DB saved
INFO 2020-06-07 13:33:28,577 db_save 107 DB saved
INFO 2020-06-07 13:33:38,579 db_save 107 DB saved
INFO 2020-06-07 13:33:48,577 db_save 107 DB saved
INFO 2020-06-07 13:33:58,579 db_save 107 DB saved
INFO 2020-06-07 13:34:08,579 db_save 107 DB saved
INFO 2020-06-07 13:34:18,579 db_save 107 DB saved
INFO 2020-06-07 13:34:28,579 db_save 107 DB saved
INFO 2020-06-07 13:34:38,579 db_save 107 DB saved
INFO 2020-06-07 13:34:48,579 db_save 107 DB saved
INFO 2020-06-07 13:34:58,579 db_save 107 DB saved
INFO 2020-06-07 13:35:08,579 db_save 107 DB saved
INFO 2020-06-07 13:35:18,579 db_save 107 DB saved
INFO 2020-06-07 13:35:28,579 db_save 107 DB saved
INFO 2020-06-07 13:35:38,580 db_save 107 DB saved
INFO 2020-06-07 13:35:48,578 db_save 107 DB saved
INFO 2020-06-07 13:35:58,579 db_save 107 DB saved
INFO 2020-06-07 13:36:08,579 db_save 107 DB saved
INFO 2020-06-07 13:36:18,580 db_save 107 DB saved
INFO 2020-06-07 13:36:28,580 db_save 107 DB saved
INFO 2020-06-07 13:36:38,580 db_save 107 DB saved
INFO 2020-06-07 13:36:48,578 db_save 107 DB saved
INFO 2020-06-07 13:36:58,574 db_save 107 DB saved
INFO 2020-06-07 13:37:08,577 db_save 107 DB saved
INFO 2020-06-07 13:37:18,580 db_save 107 DB saved
INFO 2020-06-07 13:37:28,575 db_save 107 DB saved
INFO 2020-06-07 13:37:38,574 db_save 107 DB saved
INFO 2020-06-07 13:37:48,582 db_save 107 DB saved
INFO 2020-06-07 13:37:58,574 db_save 107 DB saved
INFO 2020-06-07 13:38:08,574 db_save 107 DB saved
INFO 2020-06-07 13:38:18,574 db_save 107 DB saved
INFO 2020-06-07 13:38:28,580 db_save 107 DB saved
INFO 2020-06-07 13:38:38,576 db_save 107 DB saved
INFO 2020-06-07 13:38:48,576 db_save 107 DB saved
INFO 2020-06-07 13:38:58,578 db_save 107 DB saved
INFO 2020-06-07 13:39:08,578 db_save 107 DB saved
INFO 2020-06-07 13:39:18,578 db_save 107 DB saved
INFO 2020-06-07 13:39:28,579 db_save 107 DB saved
INFO 2020-06-07 13:39:38,574 db_save 107 DB saved
INFO 2020-06-07 13:39:48,581 db_save 107 DB saved
INFO 2020-06-07 13:39:58,581 db_save 107 DB saved
INFO 2020-06-07 13:40:08,583 db_save 107 DB saved
INFO 2020-06-07 13:40:18,579 db_save 107 DB saved
INFO 2020-06-07 13:40:28,577 db_save 107 DB saved
INFO 2020-06-07 13:40:32,004 run 636 Cleaning up tasks.
INFO 2020-06-07 13:40:32,009 _cancel_tasks 73 Cleaning up after 6 tasks.
INFO 2020-06-07 13:40:32,592 _cleanup_loop 96 Closing the event loop.
WARNING 2020-06-07 13:40:34,199 __init__ 231 PyNaCl is not installed, voice will NOT be supported
INFO 2020-06-07 13:40:34,199 login 441 logging in using static token
INFO 2020-06-07 13:40:35,428 from_client 241 Created websocket connected to wss://gateway.discord.gg?encoding=json&v=6&compress=zlib-stream
INFO 2020-06-07 13:40:35,433 identify 321 Shard ID None has sent the IDENTIFY payload.
INFO 2020-06-07 13:40:35,851 received_message 413 Shard ID None has connected to Gateway: ["gateway-prd-main-dms9",{"micros":47685,"calls":["discord-sessions-prd-1-47",{"micros":40915,"calls":["start_session",{"micros":28387,"calls":["api-prd-main-us-east1-5swb",{"micros":25910,"calls":["get_user",{"micros":2031},"add_authorized_ip",{"micros":1728},"get_guilds",{"micros":1910},"coros_wait",{"micros":1}]}]},"guilds_connect",{"micros":2,"calls":[]},"presence_connect",{"micros":0,"calls":[]}]}]}] (Session ID: 4d4253c54b750a28eb488a987bdb3293).
INFO 2020-06-07 13:40:35,862 on_connect 137 Bot has logged in!
INFO 2020-06-07 13:40:35,863 on_connect 154 1個のサーバで稼働中
INFO 2020-06-07 13:40:35,866 db_save 109 DB saved
INFO 2020-06-07 13:40:37,868 on_ready 130 Bot is ready!
INFO 2020-06-07 13:40:45,870 db_save 109 DB saved
INFO 2020-06-07 13:40:55,870 db_save 109 DB saved
INFO 2020-06-07 13:41:01,019 on_message 44 712633963260280873 MESSAGE /heko
INFO 2020-06-07 13:41:02,845 on_message 44 712633963260280873 MESSAGE /help
INFO 2020-06-07 13:41:05,868 db_save 109 DB saved
INFO 2020-06-07 13:41:07,615 on_message 44 712633963260280873 MESSAGE サーバーマネージャーうるさいなーｗ
INFO 2020-06-07 13:41:11,899 on_message 44 712633963260280873 MESSAGE すまんね
INFO 2020-06-07 13:41:12,553 on_message 44 712633963260280873 MESSAGE でも
INFO 2020-06-07 13:41:14,909 on_message 44 712633963260280873 MESSAGE ここ
INFO 2020-06-07 13:41:15,867 db_save 109 DB saved
INFO 2020-06-07 13:41:17,144 on_message 44 712633963260280873 MESSAGE テストサーバーだから
INFO 2020-06-07 13:41:18,263 on_message 44 712633963260280873 MESSAGE 仕方ない
INFO 2020-06-07 13:41:21,641 on_message 44 712633963260280873 MESSAGE うるさいサーバーだから
INFO 2020-06-07 13:41:22,725 on_message 44 712633963260280873 MESSAGE そっかｗ
INFO 2020-06-07 13:41:25,866 db_save 109 DB saved
INFO 2020-06-07 13:41:26,586 on_message 44 712633963260280873 MESSAGE うん
INFO 2020-06-07 13:41:33,113 on_message 44 712633963260280873 MESSAGE 普通に雑談とかしたいなら
INFO 2020-06-07 13:41:35,874 db_save 109 DB saved
INFO 2020-06-07 13:41:36,132 on_message 44 712633963260280873 MESSAGE cron鯖go
INFO 2020-06-07 13:41:45,871 db_save 109 DB saved
INFO 2020-06-07 13:41:48,908 on_message 44 712633963260280873 MESSAGE そうだねｗ
INFO 2020-06-07 13:41:49,722 on_message 44 712633963260280873 MESSAGE ごめんｗ
INFO 2020-06-07 13:41:55,871 db_save 109 DB saved
INFO 2020-06-07 13:42:05,869 db_save 109 DB saved
INFO 2020-06-07 13:42:12,322 on_message 44 712633963260280873 MESSAGE cron鯖の招待plz
INFO 2020-06-07 13:42:15,869 db_save 109 DB saved
INFO 2020-06-07 13:42:25,867 db_save 109 DB saved
INFO 2020-06-07 13:42:35,868 db_save 109 DB saved
INFO 2020-06-07 13:42:45,870 db_save 109 DB saved
INFO 2020-06-07 13:42:53,220 on_message 44 712633963260280873 MESSAGE ん
INFO 2020-06-07 13:42:55,869 db_save 109 DB saved
INFO 2020-06-07 13:43:03,703 on_message 44 712633963260280873 MESSAGE https://discord.gg/AeP5att
INFO 2020-06-07 13:43:05,869 db_save 109 DB saved
INFO 2020-06-07 13:43:14,971 on_message 44 712633963260280873 MESSAGE 自分の自前鯖盛り上がってるよん
INFO 2020-06-07 13:43:15,868 db_save 109 DB saved
INFO 2020-06-07 13:43:23,652 on_message 44 712633963260280873 MESSAGE あり
INFO 2020-06-07 13:43:25,868 db_save 109 DB saved
INFO 2020-06-07 13:43:35,867 db_save 109 DB saved
INFO 2020-06-07 13:43:45,867 db_save 109 DB saved
INFO 2020-06-07 13:43:55,874 db_save 109 DB saved
INFO 2020-06-07 13:44:05,868 db_save 109 DB saved
INFO 2020-06-07 13:44:15,870 db_save 109 DB saved
INFO 2020-06-07 13:44:25,923 db_save 109 DB saved
INFO 2020-06-07 13:44:35,870 db_save 109 DB saved
INFO 2020-06-07 13:44:45,868 db_save 109 DB saved
INFO 2020-06-07 13:44:55,869 db_save 109 DB saved
INFO 2020-06-07 13:45:05,868 db_save 109 DB saved
INFO 2020-06-07 13:45:15,868 db_save 109 DB saved
INFO 2020-06-07 13:45:25,870 db_save 109 DB saved
INFO 2020-06-07 13:45:35,870 db_save 109 DB saved
INFO 2020-06-07 13:45:45,868 db_save 109 DB saved
INFO 2020-06-07 13:45:55,870 db_save 109 DB saved
INFO 2020-06-07 13:46:05,869 db_save 109 DB saved
INFO 2020-06-07 13:46:15,869 db_save 109 DB saved
INFO 2020-06-07 13:46:25,869 db_save 109 DB saved
INFO 2020-06-07 13:46:35,871 db_save 109 DB saved
INFO 2020-06-07 13:46:45,869 db_save 109 DB saved
INFO 2020-06-07 13:46:55,870 db_save 109 DB saved
INFO 2020-06-07 13:47:05,870 db_save 109 DB saved
INFO 2020-06-07 13:47:15,870 db_save 109 DB saved
INFO 2020-06-07 13:47:25,870 db_save 109 DB saved
INFO 2020-06-07 13:47:35,870 db_save 109 DB saved
INFO 2020-06-07 13:47:45,877 db_save 109 DB saved
INFO 2020-06-07 13:47:55,870 db_save 109 DB saved
INFO 2020-06-07 13:48:05,868 db_save 109 DB saved
INFO 2020-06-07 13:48:15,866 db_save 109 DB saved
INFO 2020-06-07 13:48:25,866 db_save 109 DB saved
INFO 2020-06-07 13:48:35,868 db_save 109 DB saved
INFO 2020-06-07 13:48:45,869 db_save 109 DB saved
INFO 2020-06-07 13:48:55,868 db_save 109 DB saved
INFO 2020-06-07 13:49:05,868 db_save 109 DB saved
INFO 2020-06-07 13:49:07,563 on_message 44 712633963260280873 MESSAGE set/creator_role
INFO 2020-06-07 13:49:11,881 on_message 44 712633963260280873 MESSAGE set_creater_role
INFO 2020-06-07 13:49:15,869 db_save 109 DB saved
INFO 2020-06-07 13:49:15,951 on_message 44 712633963260280873 MESSAGE set/creater_role
INFO 2020-06-07 13:49:21,387 on_message 44 712633963260280873 MESSAGE 1
INFO 2020-06-07 13:49:24,074 on_message 44 712633963260280873 MESSAGE /help
INFO 2020-06-07 13:49:25,865 db_save 109 DB saved
INFO 2020-06-07 13:49:33,514 on_message 44 712633963260280873 MESSAGE set/thread_categories テキストチャンネル
INFO 2020-06-07 13:49:35,866 db_save 109 DB saved
INFO 2020-06-07 13:49:45,869 db_save 109 DB saved
INFO 2020-06-07 13:49:55,868 db_save 109 DB saved
INFO 2020-06-07 13:50:05,868 db_save 109 DB saved
INFO 2020-06-07 13:50:15,870 db_save 109 DB saved
INFO 2020-06-07 13:50:25,865 db_save 109 DB saved
INFO 2020-06-07 13:50:35,870 db_save 109 DB saved
INFO 2020-06-07 13:50:45,866 db_save 109 DB saved
INFO 2020-06-07 13:50:55,869 db_save 109 DB saved
INFO 2020-06-07 13:51:04,129 run 636 Cleaning up tasks.
INFO 2020-06-07 13:51:04,129 _cancel_tasks 73 Cleaning up after 6 tasks.
INFO 2020-06-07 13:51:04,349 _cancel_tasks 78 All tasks finished cancelling.
INFO 2020-06-07 13:51:04,349 _cleanup_loop 96 Closing the event loop.
WARNING 2020-06-07 13:51:06,798 __init__ 231 PyNaCl is not installed, voice will NOT be supported
INFO 2020-06-07 13:51:06,798 login 441 logging in using static token
INFO 2020-06-07 13:51:08,151 from_client 241 Created websocket connected to wss://gateway.discord.gg?encoding=json&v=6&compress=zlib-stream
INFO 2020-06-07 13:51:08,153 identify 321 Shard ID None has sent the IDENTIFY payload.
INFO 2020-06-07 13:51:08,399 received_message 413 Shard ID None has connected to Gateway: ["gateway-prd-main-h2t1",{"micros":80650,"calls":["discord-sessions-prd-1-79",{"micros":78308,"calls":["start_session",{"micros":76536,"calls":["api-prd-main-us-east1-q33b",{"micros":72321,"calls":["get_user",{"micros":7161},"add_authorized_ip",{"micros":4233},"get_guilds",{"micros":14414},"coros_wait",{"micros":1}]}]},"guilds_connect",{"micros":2,"calls":[]},"presence_connect",{"micros":5,"calls":[]}]}]}] (Session ID: 598da3638a4afaad867f6e5b8b4c2c99).
INFO 2020-06-07 13:51:08,414 on_connect 137 Bot has logged in!
INFO 2020-06-07 13:51:08,473 on_connect 154 1個のサーバで稼働中
INFO 2020-06-07 13:51:08,486 db_save 109 DB saved
INFO 2020-06-07 13:51:10,511 on_ready 130 Bot is ready!
INFO 2020-06-07 13:51:10,984 on_message 44 712633963260280873 MESSAGE set/thread_categories テキストチャンネル
INFO 2020-06-07 13:51:13,911 on_message 44 712633963260280873 MESSAGE set/thread_categories テキストチャンネル
INFO 2020-06-07 13:51:18,491 db_save 109 DB saved
INFO 2020-06-07 13:51:28,489 db_save 109 DB saved
INFO 2020-06-07 13:51:37,509 run 636 Cleaning up tasks.
INFO 2020-06-07 13:51:37,509 _cancel_tasks 73 Cleaning up after 6 tasks.
INFO 2020-06-07 13:51:37,673 _cleanup_loop 96 Closing the event loop.
WARNING 2020-06-07 13:51:39,133 __init__ 231 PyNaCl is not installed, voice will NOT be supported
INFO 2020-06-07 13:51:39,134 login 441 logging in using static token
INFO 2020-06-07 13:51:40,000 from_client 241 Created websocket connected to wss://gateway.discord.gg?encoding=json&v=6&compress=zlib-stream
INFO 2020-06-07 13:51:40,002 identify 321 Shard ID None has sent the IDENTIFY payload.
INFO 2020-06-07 13:51:40,243 received_message 413 Shard ID None has connected to Gateway: ["gateway-prd-main-zm6l",{"micros":67411,"calls":["discord-sessions-prd-1-58",{"micros":59869,"calls":["start_session",{"micros":57041,"calls":["api-prd-main-us-east1-0ljt",{"micros":53574,"calls":["get_user",{"micros":5940},"add_authorized_ip",{"micros":1369},"get_guilds",{"micros":2186},"coros_wait",{"micros":1}]}]},"guilds_connect",{"micros":2,"calls":[]},"presence_connect",{"micros":1,"calls":[]}]}]}] (Session ID: 574076eebdc40729b4248908138a5dae).
INFO 2020-06-07 13:51:40,253 on_connect 137 Bot has logged in!
INFO 2020-06-07 13:51:40,253 on_connect 154 1個のサーバで稼働中
INFO 2020-06-07 13:51:40,259 db_save 109 DB saved
INFO 2020-06-07 13:51:42,255 on_ready 130 Bot is ready!
INFO 2020-06-07 13:51:49,264 on_message 44 712633963260280873 MESSAGE set/thread_categories テキストチャンネル
INFO 2020-06-07 13:51:50,258 db_save 109 DB saved
INFO 2020-06-07 13:51:57,632 on_message 44 712633963260280873 MESSAGE set/thread_categories スレッド
INFO 2020-06-07 13:52:00,261 db_save 109 DB saved
INFO 2020-06-07 13:52:07,922 on_message 44 712633963260280873 MESSAGE set/thread_name テスト
INFO 2020-06-07 13:52:10,261 db_save 109 DB saved
INFO 2020-06-07 13:52:20,259 db_save 109 DB saved
INFO 2020-06-07 13:52:30,262 db_save 109 DB saved
INFO 2020-06-07 13:52:40,261 db_save 109 DB saved
INFO 2020-06-07 13:52:50,258 db_save 109 DB saved
INFO 2020-06-07 13:53:00,259 db_save 109 DB saved
INFO 2020-06-07 13:53:10,257 db_save 109 DB saved
INFO 2020-06-07 13:53:20,259 db_save 109 DB saved
INFO 2020-06-07 13:53:30,263 db_save 109 DB saved
INFO 2020-06-07 13:53:40,259 db_save 109 DB saved
INFO 2020-06-07 13:53:50,259 db_save 109 DB saved
INFO 2020-06-07 13:54:00,261 db_save 109 DB saved
INFO 2020-06-07 13:54:10,261 db_save 109 DB saved
INFO 2020-06-07 13:54:20,271 db_save 109 DB saved
INFO 2020-06-07 13:54:30,262 db_save 109 DB saved
INFO 2020-06-07 13:54:40,259 db_save 109 DB saved
INFO 2020-06-07 13:54:50,259 db_save 109 DB saved
INFO 2020-06-07 13:55:00,262 db_save 109 DB saved
INFO 2020-06-07 13:55:10,262 db_save 109 DB saved
INFO 2020-06-07 13:55:20,261 db_save 109 DB saved
INFO 2020-06-07 13:55:30,262 db_save 109 DB saved
INFO 2020-06-07 13:55:40,257 db_save 109 DB saved
INFO 2020-06-07 13:55:50,260 db_save 109 DB saved
INFO 2020-06-07 13:56:00,260 db_save 109 DB saved
INFO 2020-06-07 13:56:10,259 db_save 109 DB saved
INFO 2020-06-07 13:56:20,257 db_save 109 DB saved
INFO 2020-06-07 13:56:30,259 db_save 109 DB saved
INFO 2020-06-07 13:56:40,266 db_save 109 DB saved
INFO 2020-06-07 13:56:50,257 db_save 109 DB saved
INFO 2020-06-07 13:57:00,258 db_save 109 DB saved
INFO 2020-06-07 13:57:10,258 db_save 109 DB saved
INFO 2020-06-07 13:57:20,260 db_save 109 DB saved
INFO 2020-06-07 13:57:26,692 on_message 44 712633963260280873 MESSAGE th/create
INFO 2020-06-07 13:57:30,267 db_save 109 DB saved
INFO 2020-06-07 13:57:40,259 db_save 109 DB saved
INFO 2020-06-07 13:57:50,257 db_save 109 DB saved
INFO 2020-06-07 13:58:00,258 db_save 109 DB saved
INFO 2020-06-07 13:58:04,336 run 636 Cleaning up tasks.
INFO 2020-06-07 13:58:04,341 _cancel_tasks 73 Cleaning up after 6 tasks.
INFO 2020-06-07 13:58:04,669 _cancel_tasks 78 All tasks finished cancelling.
INFO 2020-06-07 13:58:04,669 _cleanup_loop 96 Closing the event loop.
WARNING 2020-06-07 13:58:09,969 __init__ 231 PyNaCl is not installed, voice will NOT be supported
INFO 2020-06-07 13:58:09,972 login 441 logging in using static token
INFO 2020-06-07 13:58:12,289 from_client 241 Created websocket connected to wss://gateway.discord.gg?encoding=json&v=6&compress=zlib-stream
INFO 2020-06-07 13:58:12,318 identify 321 Shard ID None has sent the IDENTIFY payload.
INFO 2020-06-07 13:58:12,831 received_message 413 Shard ID None has connected to Gateway: ["gateway-prd-main-sbdg",{"micros":47423,"calls":["discord-sessions-prd-1-15",{"micros":38785,"calls":["start_session",{"micros":36885,"calls":["api-prd-main-us-east1-7shc",{"micros":34192,"calls":["get_user",{"micros":3476},"add_authorized_ip",{"micros":1541},"get_guilds",{"micros":1675},"coros_wait",{"micros":1}]}]},"guilds_connect",{"micros":2,"calls":[]},"presence_connect",{"micros":877,"calls":[]}]}]}] (Session ID: a44c4f94543361b9166f66aed5f8c8a4).
INFO 2020-06-07 13:58:12,846 on_connect 137 Bot has logged in!
INFO 2020-06-07 13:58:12,847 on_connect 154 1個のサーバで稼働中
INFO 2020-06-07 13:58:12,848 db_save 109 DB saved
INFO 2020-06-07 13:58:14,848 on_ready 130 Bot is ready!
INFO 2020-06-07 13:58:17,666 on_message 44 712633963260280873 MESSAGE th/create
INFO 2020-06-07 13:58:22,853 db_save 109 DB saved
INFO 2020-06-07 13:58:32,850 db_save 109 DB saved
INFO 2020-06-07 13:58:39,688 run 636 Cleaning up tasks.
INFO 2020-06-07 13:58:39,689 _cancel_tasks 73 Cleaning up after 6 tasks.
INFO 2020-06-07 13:58:40,106 _cancel_tasks 78 All tasks finished cancelling.
INFO 2020-06-07 13:58:40,107 _cleanup_loop 96 Closing the event loop.
WARNING 2020-06-07 13:58:47,001 __init__ 231 PyNaCl is not installed, voice will NOT be supported
INFO 2020-06-07 13:58:47,002 login 441 logging in using static token
INFO 2020-06-07 13:58:48,217 from_client 241 Created websocket connected to wss://gateway.discord.gg?encoding=json&v=6&compress=zlib-stream
INFO 2020-06-07 13:58:48,219 identify 321 Shard ID None has sent the IDENTIFY payload.
INFO 2020-06-07 13:58:48,484 received_message 413 Shard ID None has connected to Gateway: ["gateway-prd-main-ncj7",{"micros":40970,"calls":["discord-sessions-prd-1-17",{"micros":39680,"calls":["start_session",{"micros":34093,"calls":["api-prd-main-us-east1-k34z",{"micros":31284,"calls":["get_user",{"micros":2160},"add_authorized_ip",{"micros":1632},"get_guilds",{"micros":2379},"coros_wait",{"micros":5}]}]},"guilds_connect",{"micros":6,"calls":[]},"presence_connect",{"micros":1,"calls":[]}]}]}] (Session ID: a7c540c97788a23669919e340ac716e9).
INFO 2020-06-07 13:58:48,498 on_connect 137 Bot has logged in!
INFO 2020-06-07 13:58:48,499 on_connect 154 1個のサーバで稼働中
INFO 2020-06-07 13:58:48,501 db_save 109 DB saved
INFO 2020-06-07 13:58:50,503 on_ready 130 Bot is ready!
INFO 2020-06-07 13:58:54,489 on_message 44 712633963260280873 MESSAGE th/create
INFO 2020-06-07 13:58:58,501 db_save 109 DB saved
INFO 2020-06-07 13:59:08,504 db_save 109 DB saved
INFO 2020-06-07 13:59:18,505 db_save 109 DB saved
INFO 2020-06-07 13:59:28,503 db_save 109 DB saved
INFO 2020-06-07 13:59:38,504 db_save 109 DB saved
INFO 2020-06-07 13:59:40,729 run 636 Cleaning up tasks.
INFO 2020-06-07 13:59:40,730 _cancel_tasks 73 Cleaning up after 6 tasks.
INFO 2020-06-07 13:59:40,897 _cleanup_loop 96 Closing the event loop.
